<?xml version="1.0" encoding="UTF-8"?>
<!-- Generated by org.testng.reporters.JUnitReportReporter -->
<testsuite skipped="0" hostname="DESKTOP-IBA81BL" name="org.testing.testscripts.TC1" tests="1" failures="0" timestamp="2020-08-06T00:55:01 IST" time="4.133" errors="0">
  <testcase name="QAopening" time="4.133" classname="org.testing.testscripts.TC1"/>
  <system-out/>
</testsuite> <!-- org.testing.testscripts.TC1 -->
