<?xml version="1.0" encoding="UTF-8"?>
<!-- Generated by org.testng.reporters.JUnitReportReporter -->
<testsuite skipped="0" hostname="DESKTOP-IBA81BL" name="org.testing.testscript.TC1" tests="1" failures="0" timestamp="2020-08-07T17:07:36 IST" time="7.646" errors="0">
  <testcase name="QAopening" time="7.646" classname="org.testing.testscript.TC1"/>
  <system-out/>
</testsuite> <!-- org.testing.testscript.TC1 -->
